

***********************************************************************
Fatal NI connect error 12514, connecting to:
 (DESCRIPTION=(CONNECT_DATA=(SID=*)(SERVICE_NAME=10.1.5.7)(CID=(PROGRAM=d:\documents\visual studio 2013\Projects\DataMigration\DataMigration\bin\Debug\DataMigration.vshost.exe)(HOST=CHAOICE3240)(USER=Administrator)))(ADDRESS=(PROTOCOL=TCP)(HOST=10.1.5.7)(PORT=1521)))

  VERSION INFORMATION:
	TNS for 32-bit Windows: Version 9.0.1.1.0 - Production
	Windows NT TCP/IP NT Protocol Adapter for 32-bit Windows: Version 9.0.1.1.0 - Production
  Time: 21-7ÔÂ -2016 11:25:22
  Tracing not turned on.
  Tns error struct:
    nr err code: 0
    ns main err code: 12564
    TNS-12564: Message 12564 not found; No message file for product=NETWORK, facility=TNS
    ns secondary err code: 0
    nt main err code: 0
    nt secondary err code: 0
    nt OS err code: 0


***********************************************************************
Fatal NI connect error 12560, connecting to:
 (DESCRIPTION=(ADDRESS=(PROTOCOL=BEQ)(PROGRAM=oracle)(ARGV0=oracleORCL)(ARGS='(DESCRIPTION=(LOCAL=YES)(ADDRESS=(PROTOCOL=beq)))'))(CONNECT_DATA=(SID=ORCL)(CID=(PROGRAM=d:\documents\visual studio 2013\Projects\DataMigration\DataMigration\bin\Debug\DataMigration.vshost.exe)(HOST=CHAOICE3240)(USER=Administrator))))

  VERSION INFORMATION:
	TNS for 32-bit Windows: Version 9.0.1.1.0 - Production
	Oracle Bequeath NT Protocol Adapter for 32-bit Windows: Version 9.0.1.1.0 - Production
  Time: 21-7ÔÂ -2016 11:25:22
  Tracing not turned on.
  Tns error struct:
    nr err code: 0
    ns main err code: 12560
    TNS-12560: Message 12560 not found; No message file for product=NETWORK, facility=TNS
    ns secondary err code: 0
    nt main err code: 530
    TNS-00530: Message 530 not found; No message file for product=NETWORK, facility=TNS
    nt secondary err code: 193
    nt OS err code: 0
